<?xml version="1.0" encoding="UTF-8"?>
<!-- Generated by org.testng.reporters.JUnitXMLReporter -->
<testsuite ignored="0" hostname="QB-IPL-1455" failures="1" tests="1" name="QA Automation LoginPageTest_CHROME" time="39.536" errors="0" timestamp="14 Aug 2019 10:17:26 GMT">
  <testcase classname="com.Qa.Test.SignUpPageTest" name="signUp_Validation" time="0.269">
    <failure type="java.lang.NullPointerException">
      <![CDATA[java.lang.NullPointerException
at com.Qa.Base.SuperBase.click(SuperBase.java:189)
at com.Qa.Pages.SignUpPage.signUp_Validation(SignUpPage.java:47)
at com.Qa.Test.SignUpPageTest.signUp_Validation(SignUpPageTest.java:95)
at java.base/java.util.concurrent.FutureTask.run(FutureTask.java:264)
at java.base/java.util.concurrent.ThreadPoolExecutor.runWorker(ThreadPoolExecutor.java:1135)
at java.base/java.util.concurrent.ThreadPoolExecutor$Worker.run(ThreadPoolExecutor.java:635)
at java.base/java.lang.Thread.run(Thread.java:844)
... Removed 16 stack frames]]>
    </failure>
  </testcase> <!-- signUp_Validation -->
</testsuite> <!-- QA Automation LoginPageTest_CHROME -->
