<?xml version="1.0" encoding="UTF-8"?>
<!-- Generated by org.testng.reporters.JUnitXMLReporter -->
<testsuite ignored="0" hostname="QB-IPL-1455" failures="0" tests="3" name="QA Automation Tests" time="165.42" errors="0" timestamp="13 Aug 2019 06:02:08 GMT">
  <testcase classname="com.Qa.Test.LoginPageTest" name="popUps_Validation" time="1.119"/>
  <testcase classname="com.Qa.Test.LoginPageTest" name="Tittle_Validation" time="1.255"/>
  <testcase classname="com.Qa.Test.LoginPageTest" name="LoginBTN_Validation" time="1.323"/>
</testsuite> <!-- QA Automation Tests -->
