<?xml version="1.0" encoding="UTF-8"?>
<testng-results ignored="0" total="1" passed="1" failed="0" skipped="0">
  <reporter-output>
  </reporter-output>
  <suite started-at="2019-09-16T10:49:16 IST" name="Suite" finished-at="2019-09-16T10:50:17 IST" duration-ms="61208">
    <groups>
    </groups>
    <test started-at="2019-09-16T10:49:16 IST" name="QA1" finished-at="2019-09-16T10:50:17 IST" duration-ms="61208">
      <class name="Tests.Test1">
        <test-method signature="test1()[pri:0, instance:Tests.Test1@3276732]" started-at="2019-09-16T10:49:16 IST" name="test1" finished-at="2019-09-16T10:50:17 IST" duration-ms="61176" status="PASS">
          <reporter-output>
          </reporter-output>
        </test-method> <!-- test1 -->
      </class> <!-- Tests.Test1 -->
    </test> <!-- QA1 -->
  </suite> <!-- Suite -->
</testng-results>
